<?xml version="1.0" encoding="UTF-8"?>
<!-- Generated by org.testng.reporters.JUnitXMLReporter -->
<testsuite hostname="wangsy-PC" name="userdelete" tests="1" failures="0" timestamp="25 Nov 2016 06:40:23 GMT" time="77.281" errors="0">
  <testcase name="@AfterTest quit" time="0.0" classname="com.wangsy.doTest.UserAddTest">
    <failure type="org.openqa.selenium.WebDriverException" message="Tried to run command without establishing a connection
Build info: version: &amp;apos;unknown&amp;apos;, revision: &amp;apos;350cf60&amp;apos;, time: &amp;apos;2016-10-13 10:46:00 -0700&amp;apos;
System info: host: &amp;apos;wangsy-PC&amp;apos;, ip: &amp;apos;10.130.227.42&amp;apos;, os.name: &amp;apos;Windows 7&amp;apos;, os.arch: &amp;apos;amd64&amp;apos;, os.version: &amp;apos;6.1&amp;apos;, java.version: &amp;apos;1.8.0_31&amp;apos;
Driver info: org.openqa.selenium.firefox.FirefoxDriver
Capabilities [{rotatable=false, raisesAccessibilityExceptions=false, marionette=true, firefoxOptions={args=[], prefs={}}, appBuildId=20161019084923, version=, platform=XP, proxy={}, command_id=1, specificationLevel=0, acceptSslCerts=false, processId=12356, browserVersion=49.0.2, platformVersion=6.1, XULappId={ec8030f7-c20a-464f-9b0e-13a3a9e97384}, browserName=firefox, takesScreenshot=true, takesElementScreenshot=true, platformName=windows_nt, device=desktop}]
Session ID: 9021238a-df72-441e-ae20-c72b259cf0ff">
      <![CDATA[org.openqa.selenium.WebDriverException: Tried to run command without establishing a connection
Build info: version: 'unknown', revision: '350cf60', time: '2016-10-13 10:46:00 -0700'
System info: host: 'wangsy-PC', ip: '10.130.227.42', os.name: 'Windows 7', os.arch: 'amd64', os.version: '6.1', java.version: '1.8.0_31'
Driver info: org.openqa.selenium.firefox.FirefoxDriver
Capabilities [{rotatable=false, raisesAccessibilityExceptions=false, marionette=true, firefoxOptions={args=[], prefs={}}, appBuildId=20161019084923, version=, platform=XP, proxy={}, command_id=1, specificationLevel=0, acceptSslCerts=false, processId=12356, browserVersion=49.0.2, platformVersion=6.1, XULappId={ec8030f7-c20a-464f-9b0e-13a3a9e97384}, browserName=firefox, takesScreenshot=true, takesElementScreenshot=true, platformName=windows_nt, device=desktop}]
Session ID: 9021238a-df72-441e-ae20-c72b259cf0ff
	at org.openqa.selenium.remote.http.W3CHttpResponseCodec.createException(W3CHttpResponseCodec.java:127)
	at org.openqa.selenium.remote.http.W3CHttpResponseCodec.decode(W3CHttpResponseCodec.java:93)
	at org.openqa.selenium.remote.http.W3CHttpResponseCodec.decode(W3CHttpResponseCodec.java:42)
	at org.openqa.selenium.remote.HttpCommandExecutor.execute(HttpCommandExecutor.java:163)
	at org.openqa.selenium.remote.service.DriverCommandExecutor.execute(DriverCommandExecutor.java:82)
	at org.openqa.selenium.remote.RemoteWebDriver.execute(RemoteWebDriver.java:601)
	at org.openqa.selenium.remote.RemoteWebElement.execute(RemoteWebElement.java:274)
	at org.openqa.selenium.remote.RemoteWebElement.click(RemoteWebElement.java:84)
	at org.openqa.selenium.support.pagefactory.internal.LocatingElementHandler.invoke(LocatingElementHandler.java:51)
	at com.sun.proxy.$Proxy7.click(Unknown Source)
	at com.wangsy.testServise.LogoutService.logOut(LogoutService.java:26)
	at com.wangsy.Utils.BaseTestUtil.quit(BaseTestUtil.java:17)
	at com.wangsy.doTest.UserAddTest.quit(UserAddTest.java:40)
	at java.util.concurrent.FutureTask.run(FutureTask.java:266)
	at java.util.concurrent.ThreadPoolExecutor.runWorker(ThreadPoolExecutor.java:1142)
	at java.util.concurrent.ThreadPoolExecutor$Worker.run(ThreadPoolExecutor.java:617)
	at java.lang.Thread.run(Thread.java:745)
... Removed 22 stack frames]]>
    </failure>
  </testcase> <!-- @AfterTest quit -->
  <testcase name="testUserAdd" time="0.001" classname="com.wangsy.doTest.UserAddTest"/>
</testsuite> <!-- userdelete -->
